2025-05-18 11:42:29,469 - discord.client - WARNING - PyNaCl is not installed, voice will NOT be supported
2025-05-18 11:42:29,471 - discord.client - INFO - logging in using static token
2025-05-18 11:42:30,075 - discord.gateway - INFO - Shard ID None has connected to Gateway (Session ID: 2dec6a487d890f710ec6a1bd370d2785).
2025-05-18 11:42:33,478 - bot - INFO - Bot logged in as DV Bot#9376
2025-05-18 11:42:33,489 - apscheduler.scheduler - INFO - Adding job tentatively -- it will be properly scheduled when the scheduler starts
2025-05-18 11:42:33,489 - apscheduler.scheduler - INFO - Adding job tentatively -- it will be properly scheduled when the scheduler starts
2025-05-18 11:42:33,489 - apscheduler.scheduler - INFO - Adding job tentatively -- it will be properly scheduled when the scheduler starts
2025-05-18 11:42:33,490 - apscheduler.scheduler - INFO - Adding job tentatively -- it will be properly scheduled when the scheduler starts
2025-05-18 11:42:33,492 - apscheduler.scheduler - INFO - Adding job tentatively -- it will be properly scheduled when the scheduler starts
2025-05-18 11:42:33,492 - apscheduler.scheduler - INFO - Adding job tentatively -- it will be properly scheduled when the scheduler starts
2025-05-18 11:42:33,492 - apscheduler.scheduler - INFO - Adding job tentatively -- it will be properly scheduled when the scheduler starts
2025-05-18 11:42:33,493 - apscheduler.scheduler - INFO - Adding job tentatively -- it will be properly scheduled when the scheduler starts
2025-05-18 11:42:33,493 - apscheduler.scheduler - INFO - Adding job tentatively -- it will be properly scheduled when the scheduler starts
2025-05-18 11:42:33,493 - apscheduler.scheduler - INFO - Added job "update_server_data" to job store "default"
2025-05-18 11:42:33,493 - apscheduler.scheduler - INFO - Added job "update_inactive_gps" to job store "default"
2025-05-18 11:42:33,494 - apscheduler.scheduler - INFO - Added job "update_eligible_ids" to job store "default"
2025-05-18 11:42:33,494 - apscheduler.scheduler - INFO - Added job "send_status_header" to job store "default"
2025-05-18 11:42:33,494 - apscheduler.scheduler - INFO - Added job "backup_data_files" to job store "default"
2025-05-18 11:42:33,494 - apscheduler.scheduler - INFO - Added job "inactivity_check" to job store "default"
2025-05-18 11:42:33,494 - apscheduler.scheduler - INFO - Added job "update_anti_cheat" to job store "default"
2025-05-18 11:42:33,494 - apscheduler.scheduler - INFO - Added job "send_stats" to job store "default"
2025-05-18 11:42:33,494 - apscheduler.scheduler - INFO - Added job "update_gp_tracking_list" to job store "default"
2025-05-18 11:42:33,494 - apscheduler.scheduler - INFO - Scheduler started
2025-05-18 11:42:33,642 - discord.client - ERROR - Ignoring exception in on_ready
Traceback (most recent call last):
  File "C:\Users\Kunal\AppData\Roaming\Python\Python313\site-packages\discord\client.py", line 481, in _run_event
    await coro(*args, **kwargs)
  File "C:\Users\Kunal\Downloads\DV Bot-old\ptcgp-reroll-manager\main.py", line 170, in on_ready
    await send_status_header(bot)
  File "C:\Users\Kunal\Downloads\DV Bot-old\ptcgp-reroll-manager\core_utils.py", line 2521, in send_status_header
    await commands_channel.send(embed=embed_status_change, view=view)
          ^^^^^^^^^^^^^^^^^^^^^
AttributeError: 'NoneType' object has no attribute 'send'
2025-05-18 11:46:38,046 - discord.client - WARNING - PyNaCl is not installed, voice will NOT be supported
2025-05-18 11:46:38,049 - discord.client - INFO - logging in using static token
2025-05-18 11:46:39,881 - discord.gateway - INFO - Shard ID None has connected to Gateway (Session ID: d1915a42c83fa1ea3a621784410e88ba).
2025-05-18 11:46:41,887 - bot - INFO - Bot logged in as DV Bot#9376
2025-05-18 11:46:41,891 - apscheduler.scheduler - INFO - Adding job tentatively -- it will be properly scheduled when the scheduler starts
2025-05-18 11:46:41,891 - apscheduler.scheduler - INFO - Adding job tentatively -- it will be properly scheduled when the scheduler starts
2025-05-18 11:46:41,892 - apscheduler.scheduler - INFO - Adding job tentatively -- it will be properly scheduled when the scheduler starts
2025-05-18 11:46:41,892 - apscheduler.scheduler - INFO - Adding job tentatively -- it will be properly scheduled when the scheduler starts
2025-05-18 11:46:41,894 - apscheduler.scheduler - INFO - Adding job tentatively -- it will be properly scheduled when the scheduler starts
2025-05-18 11:46:41,894 - apscheduler.scheduler - INFO - Adding job tentatively -- it will be properly scheduled when the scheduler starts
2025-05-18 11:46:41,894 - apscheduler.scheduler - INFO - Adding job tentatively -- it will be properly scheduled when the scheduler starts
2025-05-18 11:46:41,894 - apscheduler.scheduler - INFO - Adding job tentatively -- it will be properly scheduled when the scheduler starts
2025-05-18 11:46:41,894 - apscheduler.scheduler - INFO - Adding job tentatively -- it will be properly scheduled when the scheduler starts
2025-05-18 11:46:41,894 - apscheduler.scheduler - INFO - Added job "update_server_data" to job store "default"
2025-05-18 11:46:41,894 - apscheduler.scheduler - INFO - Added job "update_inactive_gps" to job store "default"
2025-05-18 11:46:41,895 - apscheduler.scheduler - INFO - Added job "update_eligible_ids" to job store "default"
2025-05-18 11:46:41,895 - apscheduler.scheduler - INFO - Added job "send_status_header" to job store "default"
2025-05-18 11:46:41,895 - apscheduler.scheduler - INFO - Added job "backup_data_files" to job store "default"
2025-05-18 11:46:41,895 - apscheduler.scheduler - INFO - Added job "inactivity_check" to job store "default"
2025-05-18 11:46:41,895 - apscheduler.scheduler - INFO - Added job "update_anti_cheat" to job store "default"
2025-05-18 11:46:41,895 - apscheduler.scheduler - INFO - Added job "send_stats" to job store "default"
2025-05-18 11:46:41,895 - apscheduler.scheduler - INFO - Added job "update_gp_tracking_list" to job store "default"
2025-05-18 11:46:41,895 - apscheduler.scheduler - INFO - Scheduler started
2025-05-18 11:46:42,528 - bot - INFO - Bot initialization complete
2025-05-18 11:47:16,883 - discord.client - ERROR - Ignoring exception in on_interaction
Traceback (most recent call last):
  File "C:\Users\Kunal\AppData\Roaming\Python\Python313\site-packages\discord\client.py", line 481, in _run_event
    await coro(*args, **kwargs)
  File "C:\Users\Kunal\Downloads\DV Bot-old\ptcgp-reroll-manager\main.py", line 437, in on_interaction
    await send_stats(bot)
  File "C:\Users\Kunal\Downloads\DV Bot-old\ptcgp-reroll-manager\core_utils.py", line 1137, in send_stats
    members = await guild.fetch_members().flatten()
                    ^^^^^^^^^^^^^^^^^^^^^^^^^^^^^
AttributeError: 'async_generator' object has no attribute 'flatten'
2025-05-18 11:49:02,431 - discord.client - WARNING - PyNaCl is not installed, voice will NOT be supported
2025-05-18 11:49:02,434 - discord.client - INFO - logging in using static token
2025-05-18 11:49:02,982 - discord.gateway - INFO - Shard ID None has connected to Gateway (Session ID: 16d2476b563dc10fd9043662d137df3e).
2025-05-18 11:49:04,986 - bot - INFO - Bot logged in as DV Bot#9376
2025-05-18 11:49:04,990 - apscheduler.scheduler - INFO - Adding job tentatively -- it will be properly scheduled when the scheduler starts
2025-05-18 11:49:04,990 - apscheduler.scheduler - INFO - Adding job tentatively -- it will be properly scheduled when the scheduler starts
2025-05-18 11:49:04,990 - apscheduler.scheduler - INFO - Adding job tentatively -- it will be properly scheduled when the scheduler starts
2025-05-18 11:49:04,990 - apscheduler.scheduler - INFO - Adding job tentatively -- it will be properly scheduled when the scheduler starts
2025-05-18 11:49:04,992 - apscheduler.scheduler - INFO - Adding job tentatively -- it will be properly scheduled when the scheduler starts
2025-05-18 11:49:04,992 - apscheduler.scheduler - INFO - Adding job tentatively -- it will be properly scheduled when the scheduler starts
2025-05-18 11:49:04,993 - apscheduler.scheduler - INFO - Adding job tentatively -- it will be properly scheduled when the scheduler starts
2025-05-18 11:49:04,993 - apscheduler.scheduler - INFO - Adding job tentatively -- it will be properly scheduled when the scheduler starts
2025-05-18 11:49:04,993 - apscheduler.scheduler - INFO - Adding job tentatively -- it will be properly scheduled when the scheduler starts
2025-05-18 11:49:04,994 - apscheduler.scheduler - INFO - Added job "update_server_data" to job store "default"
2025-05-18 11:49:04,994 - apscheduler.scheduler - INFO - Added job "update_inactive_gps" to job store "default"
2025-05-18 11:49:04,994 - apscheduler.scheduler - INFO - Added job "update_eligible_ids" to job store "default"
2025-05-18 11:49:04,994 - apscheduler.scheduler - INFO - Added job "send_status_header" to job store "default"
2025-05-18 11:49:04,994 - apscheduler.scheduler - INFO - Added job "backup_data_files" to job store "default"
2025-05-18 11:49:04,994 - apscheduler.scheduler - INFO - Added job "inactivity_check" to job store "default"
2025-05-18 11:49:04,995 - apscheduler.scheduler - INFO - Added job "update_anti_cheat" to job store "default"
2025-05-18 11:49:04,995 - apscheduler.scheduler - INFO - Added job "send_stats" to job store "default"
2025-05-18 11:49:04,995 - apscheduler.scheduler - INFO - Added job "update_gp_tracking_list" to job store "default"
2025-05-18 11:49:04,995 - apscheduler.scheduler - INFO - Scheduler started
2025-05-18 11:49:05,296 - bot - INFO - Bot initialization complete
